<?xml version="1.0" encoding="UTF-8"?>
<!-- Generated by org.testng.reporters.JUnitReportReporter -->
<testsuite skipped="0" hostname="LAPTOP-823FPG11" name="com.automationpractice.org.AutomationPractice" tests="2" failures="0" timestamp="2020-12-25T13:25:43 IST" time="34.574" errors="0">
  <testcase name="sitePages" time="6.230" classname="com.automationpractice.org.AutomationPractice"/>
  <system-out/>
  <testcase name="paymentPage" time="28.344" classname="com.automationpractice.org.AutomationPractice"/>
  <system-out/>
</testsuite> <!-- com.automationpractice.org.AutomationPractice -->
